qsub .sentJob1719.sh -N TTbar_1 -l host='!node13.cluster'
>>Sending TTbar_1
2752712.ntugrid5.phys.ntu.edu.tw
qsub .sentJob5446.sh -N TTbar_2 -l host='!node13.cluster'
>>Sending TTbar_2
2752713.ntugrid5.phys.ntu.edu.tw
qsub .sentJob6495.sh -N TTbar_3 -l host='!node13.cluster'
>>Sending TTbar_3
2752714.ntugrid5.phys.ntu.edu.tw
qsub .sentJob4264.sh -N TTbar_4 -l host='!node13.cluster'
>>Sending TTbar_4
2752715.ntugrid5.phys.ntu.edu.tw
qsub .sentJob9669.sh -N TTbar_5 -l host='!node13.cluster'
>>Sending TTbar_5
2752716.ntugrid5.phys.ntu.edu.tw
qsub .sentJob236.sh -N TTbar_6 -l host='!node13.cluster'
>>Sending TTbar_6
2752717.ntugrid5.phys.ntu.edu.tw
qsub .sentJob2240.sh -N TTbar_7 -l host='!node13.cluster'
>>Sending TTbar_7
2752718.ntugrid5.phys.ntu.edu.tw
qsub .sentJob6994.sh -N TTbar_8 -l host='!node13.cluster'
>>Sending TTbar_8
2752719.ntugrid5.phys.ntu.edu.tw
qsub .sentJob9663.sh -N TTbar_9 -l host='!node13.cluster'
>>Sending TTbar_9
2752720.ntugrid5.phys.ntu.edu.tw
Queue is full, halt for one minute...
Queue is full, halt for one minute...
Queue is full, halt for one minute...
Queue is full, halt for one minute...
Queue is full, halt for one minute...
Queue is full, halt for one minute...
Queue is full, halt for one minute...
Queue is full, halt for one minute...
Queue is full, halt for one minute...
Queue is full, halt for one minute...
Queue is full, halt for one minute...
Queue is full, halt for one minute...
Queue is full, halt for one minute...
Queue is full, halt for one minute...
Queue is full, halt for one minute...
Queue is full, halt for one minute...
Queue is full, halt for one minute...
Queue is full, halt for one minute...
Queue is full, halt for one minute...
Queue is full, halt for one minute...
Queue is full, halt for one minute...
Queue is full, halt for one minute...
Queue is full, halt for one minute...
Queue is full, halt for one minute...
Queue is full, halt for one minute...
Queue is full, halt for one minute...
Queue is full, halt for one minute...
Queue is full, halt for one minute...
Queue is full, halt for one minute...
Queue is full, halt for one minute...
Queue is full, halt for one minute...
Queue is full, halt for one minute...
Queue is full, halt for one minute...
Queue is full, halt for one minute...
Queue is full, halt for one minute...
Queue is full, halt for one minute...
Queue is full, halt for one minute...
Queue is full, halt for one minute...
Queue is full, halt for one minute...
qsub .sentJob5437.sh -N TTbar_10 -l host='!node13.cluster'
>>Sending TTbar_10
2752736.ntugrid5.phys.ntu.edu.tw
qsub .sentJob2713.sh -N TTbar_11 -l host='!node13.cluster'
>>Sending TTbar_11
2752737.ntugrid5.phys.ntu.edu.tw
Queue is full, halt for one minute...
qsub .sentJob6329.sh -N TTbar_12 -l host='!node13.cluster'
>>Sending TTbar_12
2752738.ntugrid5.phys.ntu.edu.tw
Queue is full, halt for one minute...
Queue is full, halt for one minute...
qsub .sentJob2984.sh -N TTbar_13 -l host='!node13.cluster'
>>Sending TTbar_13
2752739.ntugrid5.phys.ntu.edu.tw
Queue is full, halt for one minute...
qsub .sentJob5819.sh -N TTbar_14 -l host='!node13.cluster'
>>Sending TTbar_14
2752740.ntugrid5.phys.ntu.edu.tw
Queue is full, halt for one minute...
qsub .sentJob2044.sh -N TTbar_15 -l host='!node13.cluster'
>>Sending TTbar_15
2752741.ntugrid5.phys.ntu.edu.tw
DONE
