qsub .sentJob9607.sh -N el_Run2017B_0
>>Sending el_Run2017B_0
2882413.ntugrid5.phys.ntu.edu.tw
qsub .sentJob3762.sh -N el_Run2017B_1
>>Sending el_Run2017B_1
2882414.ntugrid5.phys.ntu.edu.tw
qsub .sentJob4702.sh -N el_Run2017B_2
>>Sending el_Run2017B_2
2882417.ntugrid5.phys.ntu.edu.tw
qsub .sentJob1043.sh -N el_Run2017B_3
>>Sending el_Run2017B_3
2882419.ntugrid5.phys.ntu.edu.tw
qsub .sentJob9424.sh -N el_Run2017B_4
>>Sending el_Run2017B_4
2882421.ntugrid5.phys.ntu.edu.tw
qsub .sentJob7420.sh -N el_Run2017C_0
>>Sending el_Run2017C_0
2882423.ntugrid5.phys.ntu.edu.tw
qsub .sentJob4298.sh -N el_Run2017C_1
>>Sending el_Run2017C_1
2882425.ntugrid5.phys.ntu.edu.tw
qsub .sentJob143.sh -N el_Run2017C_2
>>Sending el_Run2017C_2
2882427.ntugrid5.phys.ntu.edu.tw
qsub .sentJob119.sh -N el_Run2017C_3
>>Sending el_Run2017C_3
2882429.ntugrid5.phys.ntu.edu.tw
Queue is full, halt for one minute...
Queue is full, halt for one minute...
qsub .sentJob9842.sh -N el_Run2017C_4
>>Sending el_Run2017C_4
2882431.ntugrid5.phys.ntu.edu.tw
qsub .sentJob3228.sh -N el_Run2017D_0
>>Sending el_Run2017D_0
2882433.ntugrid5.phys.ntu.edu.tw
Queue is full, halt for one minute...
Queue is full, halt for one minute...
Queue is full, halt for one minute...
Queue is full, halt for one minute...
Queue is full, halt for one minute...
Queue is full, halt for one minute...
Queue is full, halt for one minute...
Queue is full, halt for one minute...
qsub .sentJob9378.sh -N el_Run2017D_1
>>Sending el_Run2017D_1
2882439.ntugrid5.phys.ntu.edu.tw
qsub .sentJob9148.sh -N el_Run2017D_2
>>Sending el_Run2017D_2
2882441.ntugrid5.phys.ntu.edu.tw
Queue is full, halt for one minute...
qsub .sentJob8242.sh -N el_Run2017D_3
>>Sending el_Run2017D_3
2882444.ntugrid5.phys.ntu.edu.tw
Queue is full, halt for one minute...
Queue is full, halt for one minute...
Queue is full, halt for one minute...
Queue is full, halt for one minute...
Queue is full, halt for one minute...
Queue is full, halt for one minute...
Queue is full, halt for one minute...
Queue is full, halt for one minute...
Queue is full, halt for one minute...
Queue is full, halt for one minute...
Queue is full, halt for one minute...
Queue is full, halt for one minute...
Queue is full, halt for one minute...
Queue is full, halt for one minute...
qsub .sentJob9237.sh -N el_Run2017D_4
>>Sending el_Run2017D_4
2882454.ntugrid5.phys.ntu.edu.tw
Queue is full, halt for one minute...
Queue is full, halt for one minute...
Queue is full, halt for one minute...
Queue is full, halt for one minute...
Queue is full, halt for one minute...
Queue is full, halt for one minute...
Queue is full, halt for one minute...
Queue is full, halt for one minute...
qsub .sentJob7640.sh -N el_Run2017E_0
>>Sending el_Run2017E_0
2882465.ntugrid5.phys.ntu.edu.tw
Queue is full, halt for one minute...
Queue is full, halt for one minute...
qsub .sentJob1555.sh -N el_Run2017E_1
>>Sending el_Run2017E_1
2882468.ntugrid5.phys.ntu.edu.tw
qsub .sentJob457.sh -N el_Run2017E_2
>>Sending el_Run2017E_2
2882471.ntugrid5.phys.ntu.edu.tw
Queue is full, halt for one minute...
Queue is full, halt for one minute...
qsub .sentJob8325.sh -N el_Run2017E_3
>>Sending el_Run2017E_3
2882477.ntugrid5.phys.ntu.edu.tw
Queue is full, halt for one minute...
Queue is full, halt for one minute...
qsub .sentJob3655.sh -N el_Run2017E_4
>>Sending el_Run2017E_4
2882487.ntugrid5.phys.ntu.edu.tw
Queue is full, halt for one minute...
Queue is full, halt for one minute...
Queue is full, halt for one minute...
qsub .sentJob2456.sh -N el_Run2017F_0
>>Sending el_Run2017F_0
2882493.ntugrid5.phys.ntu.edu.tw
Queue is full, halt for one minute...
Queue is full, halt for one minute...
Queue is full, halt for one minute...
Queue is full, halt for one minute...
Queue is full, halt for one minute...
qsub .sentJob4010.sh -N el_Run2017F_1
>>Sending el_Run2017F_1
2882497.ntugrid5.phys.ntu.edu.tw
Queue is full, halt for one minute...
Queue is full, halt for one minute...
Queue is full, halt for one minute...
Queue is full, halt for one minute...
Queue is full, halt for one minute...
Queue is full, halt for one minute...
Queue is full, halt for one minute...
Queue is full, halt for one minute...
Queue is full, halt for one minute...
qsub .sentJob6174.sh -N el_Run2017F_2
>>Sending el_Run2017F_2
2882506.ntugrid5.phys.ntu.edu.tw
Queue is full, halt for one minute...
Queue is full, halt for one minute...
Queue is full, halt for one minute...
Queue is full, halt for one minute...
Queue is full, halt for one minute...
qsub .sentJob6122.sh -N el_Run2017F_3
>>Sending el_Run2017F_3
2882510.ntugrid5.phys.ntu.edu.tw
Queue is full, halt for one minute...
Queue is full, halt for one minute...
Queue is full, halt for one minute...
Queue is full, halt for one minute...
Queue is full, halt for one minute...
Queue is full, halt for one minute...
Queue is full, halt for one minute...
Queue is full, halt for one minute...
Queue is full, halt for one minute...
qsub .sentJob9394.sh -N el_Run2017F_4
>>Sending el_Run2017F_4
2882514.ntugrid5.phys.ntu.edu.tw
Queue is full, halt for one minute...
Queue is full, halt for one minute...
Queue is full, halt for one minute...
Queue is full, halt for one minute...
Queue is full, halt for one minute...
Queue is full, halt for one minute...
Queue is full, halt for one minute...
Queue is full, halt for one minute...
Queue is full, halt for one minute...
Queue is full, halt for one minute...
Queue is full, halt for one minute...
Queue is full, halt for one minute...
Queue is full, halt for one minute...
Queue is full, halt for one minute...
Queue is full, halt for one minute...
Queue is full, halt for one minute...
Queue is full, halt for one minute...
Queue is full, halt for one minute...
Queue is full, halt for one minute...
Queue is full, halt for one minute...
Queue is full, halt for one minute...
Queue is full, halt for one minute...
qsub .sentJob6788.sh -N mu_Run2017B_0
>>Sending mu_Run2017B_0
2882541.ntugrid5.phys.ntu.edu.tw
Queue is full, halt for one minute...
Queue is full, halt for one minute...
qsub .sentJob4143.sh -N mu_Run2017B_1
>>Sending mu_Run2017B_1
2882547.ntugrid5.phys.ntu.edu.tw
Queue is full, halt for one minute...
qsub .sentJob3613.sh -N mu_Run2017B_2
>>Sending mu_Run2017B_2
2882548.ntugrid5.phys.ntu.edu.tw
Queue is full, halt for one minute...
Queue is full, halt for one minute...
Queue is full, halt for one minute...
Queue is full, halt for one minute...
Queue is full, halt for one minute...
Queue is full, halt for one minute...
Queue is full, halt for one minute...
Queue is full, halt for one minute...
Queue is full, halt for one minute...
qsub .sentJob3784.sh -N mu_Run2017B_3
>>Sending mu_Run2017B_3
2882561.ntugrid5.phys.ntu.edu.tw
Queue is full, halt for one minute...
Queue is full, halt for one minute...
Queue is full, halt for one minute...
Queue is full, halt for one minute...
qsub .sentJob9488.sh -N mu_Run2017B_4
>>Sending mu_Run2017B_4
2882568.ntugrid5.phys.ntu.edu.tw
Queue is full, halt for one minute...
Queue is full, halt for one minute...
qsub .sentJob6419.sh -N mu_Run2017C_0
>>Sending mu_Run2017C_0
2882573.ntugrid5.phys.ntu.edu.tw
Queue is full, halt for one minute...
qsub .sentJob6386.sh -N mu_Run2017C_1
>>Sending mu_Run2017C_1
2882575.ntugrid5.phys.ntu.edu.tw
Queue is full, halt for one minute...
Queue is full, halt for one minute...
qsub .sentJob1264.sh -N mu_Run2017C_2
>>Sending mu_Run2017C_2
2882577.ntugrid5.phys.ntu.edu.tw
Queue is full, halt for one minute...
Queue is full, halt for one minute...
Queue is full, halt for one minute...
Queue is full, halt for one minute...
Queue is full, halt for one minute...
Queue is full, halt for one minute...
Queue is full, halt for one minute...
Queue is full, halt for one minute...
Queue is full, halt for one minute...
Queue is full, halt for one minute...
Queue is full, halt for one minute...
Queue is full, halt for one minute...
Queue is full, halt for one minute...
Queue is full, halt for one minute...
Queue is full, halt for one minute...
Queue is full, halt for one minute...
Queue is full, halt for one minute...
Queue is full, halt for one minute...
Queue is full, halt for one minute...
qsub .sentJob8456.sh -N mu_Run2017C_3
>>Sending mu_Run2017C_3
2882585.ntugrid5.phys.ntu.edu.tw
Queue is full, halt for one minute...
Queue is full, halt for one minute...
Queue is full, halt for one minute...
Queue is full, halt for one minute...
qsub .sentJob1868.sh -N mu_Run2017C_4
>>Sending mu_Run2017C_4
2882592.ntugrid5.phys.ntu.edu.tw
Queue is full, halt for one minute...
Queue is full, halt for one minute...
Queue is full, halt for one minute...
Queue is full, halt for one minute...
Queue is full, halt for one minute...
Queue is full, halt for one minute...
Queue is full, halt for one minute...
Queue is full, halt for one minute...
Queue is full, halt for one minute...
Queue is full, halt for one minute...
Queue is full, halt for one minute...
Queue is full, halt for one minute...
Queue is full, halt for one minute...
Queue is full, halt for one minute...
qsub .sentJob6755.sh -N mu_Run2017D_0
>>Sending mu_Run2017D_0
2882610.ntugrid5.phys.ntu.edu.tw
Queue is full, halt for one minute...
Queue is full, halt for one minute...
Queue is full, halt for one minute...
Queue is full, halt for one minute...
Queue is full, halt for one minute...
Queue is full, halt for one minute...
Queue is full, halt for one minute...
Queue is full, halt for one minute...
Queue is full, halt for one minute...
Queue is full, halt for one minute...
Queue is full, halt for one minute...
Queue is full, halt for one minute...
Queue is full, halt for one minute...
qsub .sentJob4299.sh -N mu_Run2017D_1
>>Sending mu_Run2017D_1
2882621.ntugrid5.phys.ntu.edu.tw
qsub .sentJob4471.sh -N mu_Run2017D_2
>>Sending mu_Run2017D_2
2882622.ntugrid5.phys.ntu.edu.tw
Queue is full, halt for one minute...
Queue is full, halt for one minute...
Queue is full, halt for one minute...
Queue is full, halt for one minute...
Queue is full, halt for one minute...
qsub .sentJob4119.sh -N mu_Run2017D_3
>>Sending mu_Run2017D_3
2882624.ntugrid5.phys.ntu.edu.tw
Queue is full, halt for one minute...
Queue is full, halt for one minute...
Queue is full, halt for one minute...
Queue is full, halt for one minute...
Queue is full, halt for one minute...
Queue is full, halt for one minute...
Queue is full, halt for one minute...
Queue is full, halt for one minute...
qsub .sentJob4787.sh -N mu_Run2017D_4
>>Sending mu_Run2017D_4
2882632.ntugrid5.phys.ntu.edu.tw
Queue is full, halt for one minute...
qsub .sentJob4585.sh -N mu_Run2017E_0
>>Sending mu_Run2017E_0
2882634.ntugrid5.phys.ntu.edu.tw
Queue is full, halt for one minute...
Queue is full, halt for one minute...
Queue is full, halt for one minute...
Queue is full, halt for one minute...
Queue is full, halt for one minute...
Queue is full, halt for one minute...
Queue is full, halt for one minute...
Queue is full, halt for one minute...
Queue is full, halt for one minute...
Queue is full, halt for one minute...
Queue is full, halt for one minute...
Queue is full, halt for one minute...
Queue is full, halt for one minute...
Queue is full, halt for one minute...
Queue is full, halt for one minute...
Queue is full, halt for one minute...
Queue is full, halt for one minute...
Queue is full, halt for one minute...
Queue is full, halt for one minute...
Queue is full, halt for one minute...
Queue is full, halt for one minute...
Queue is full, halt for one minute...
Queue is full, halt for one minute...
Queue is full, halt for one minute...
Queue is full, halt for one minute...
Queue is full, halt for one minute...
Queue is full, halt for one minute...
Queue is full, halt for one minute...
Queue is full, halt for one minute...
Queue is full, halt for one minute...
Queue is full, halt for one minute...
Queue is full, halt for one minute...
Queue is full, halt for one minute...
Queue is full, halt for one minute...
Queue is full, halt for one minute...
Queue is full, halt for one minute...
Queue is full, halt for one minute...
qsub .sentJob1478.sh -N mu_Run2017E_1
>>Sending mu_Run2017E_1
2882666.ntugrid5.phys.ntu.edu.tw
Queue is full, halt for one minute...
Queue is full, halt for one minute...
Queue is full, halt for one minute...
Queue is full, halt for one minute...
Queue is full, halt for one minute...
Queue is full, halt for one minute...
Queue is full, halt for one minute...
Queue is full, halt for one minute...
Queue is full, halt for one minute...
Queue is full, halt for one minute...
Queue is full, halt for one minute...
Queue is full, halt for one minute...
Queue is full, halt for one minute...
Queue is full, halt for one minute...
Queue is full, halt for one minute...
Queue is full, halt for one minute...
qsub .sentJob93.sh -N mu_Run2017E_2
>>Sending mu_Run2017E_2
2882675.ntugrid5.phys.ntu.edu.tw
Queue is full, halt for one minute...
Queue is full, halt for one minute...
Queue is full, halt for one minute...
Queue is full, halt for one minute...
Queue is full, halt for one minute...
Queue is full, halt for one minute...
Queue is full, halt for one minute...
Queue is full, halt for one minute...
Queue is full, halt for one minute...
qsub .sentJob7715.sh -N mu_Run2017E_3
>>Sending mu_Run2017E_3
2882686.ntugrid5.phys.ntu.edu.tw
Queue is full, halt for one minute...
qsub .sentJob4410.sh -N mu_Run2017E_4
>>Sending mu_Run2017E_4
2882688.ntugrid5.phys.ntu.edu.tw
Queue is full, halt for one minute...
Queue is full, halt for one minute...
Queue is full, halt for one minute...
Queue is full, halt for one minute...
Queue is full, halt for one minute...
Queue is full, halt for one minute...
Queue is full, halt for one minute...
Queue is full, halt for one minute...
Queue is full, halt for one minute...
Queue is full, halt for one minute...
Queue is full, halt for one minute...
Queue is full, halt for one minute...
Queue is full, halt for one minute...
Queue is full, halt for one minute...
Queue is full, halt for one minute...
Queue is full, halt for one minute...
Queue is full, halt for one minute...
Queue is full, halt for one minute...
qsub .sentJob7815.sh -N mu_Run2017F_0
>>Sending mu_Run2017F_0
2882698.ntugrid5.phys.ntu.edu.tw
Queue is full, halt for one minute...
Queue is full, halt for one minute...
Queue is full, halt for one minute...
Queue is full, halt for one minute...
Queue is full, halt for one minute...
Queue is full, halt for one minute...
Queue is full, halt for one minute...
qsub .sentJob4969.sh -N mu_Run2017F_1
>>Sending mu_Run2017F_1
2882704.ntugrid5.phys.ntu.edu.tw
Queue is full, halt for one minute...
Queue is full, halt for one minute...
Queue is full, halt for one minute...
Queue is full, halt for one minute...
Queue is full, halt for one minute...
Queue is full, halt for one minute...
Queue is full, halt for one minute...
Queue is full, halt for one minute...
Queue is full, halt for one minute...
Queue is full, halt for one minute...
Queue is full, halt for one minute...
Queue is full, halt for one minute...
Queue is full, halt for one minute...
Queue is full, halt for one minute...
Queue is full, halt for one minute...
Queue is full, halt for one minute...
Queue is full, halt for one minute...
Queue is full, halt for one minute...
Queue is full, halt for one minute...
Queue is full, halt for one minute...
Queue is full, halt for one minute...
qsub .sentJob5541.sh -N mu_Run2017F_2
>>Sending mu_Run2017F_2
2882717.ntugrid5.phys.ntu.edu.tw
Queue is full, halt for one minute...
Queue is full, halt for one minute...
Queue is full, halt for one minute...
Queue is full, halt for one minute...
Queue is full, halt for one minute...
Queue is full, halt for one minute...
Queue is full, halt for one minute...
Queue is full, halt for one minute...
Queue is full, halt for one minute...
Queue is full, halt for one minute...
qsub .sentJob3810.sh -N mu_Run2017F_3
>>Sending mu_Run2017F_3
2882729.ntugrid5.phys.ntu.edu.tw
Queue is full, halt for one minute...
Queue is full, halt for one minute...
Queue is full, halt for one minute...
Queue is full, halt for one minute...
Queue is full, halt for one minute...
Queue is full, halt for one minute...
Queue is full, halt for one minute...
Queue is full, halt for one minute...
Queue is full, halt for one minute...
qsub .sentJob6061.sh -N mu_Run2017F_4
>>Sending mu_Run2017F_4
2882730.ntugrid5.phys.ntu.edu.tw
Queue is full, halt for one minute...
Queue is full, halt for one minute...
Queue is full, halt for one minute...
Queue is full, halt for one minute...
Queue is full, halt for one minute...
Queue is full, halt for one minute...
Queue is full, halt for one minute...
Queue is full, halt for one minute...
Queue is full, halt for one minute...
Queue is full, halt for one minute...
Queue is full, halt for one minute...
qsub .sentJob3991.sh -N mu_Run2017F_5
>>Sending mu_Run2017F_5
2882736.ntugrid5.phys.ntu.edu.tw
Queue is full, halt for one minute...
Queue is full, halt for one minute...
Queue is full, halt for one minute...
Queue is full, halt for one minute...
Queue is full, halt for one minute...
Queue is full, halt for one minute...
Queue is full, halt for one minute...
Queue is full, halt for one minute...
Queue is full, halt for one minute...
Queue is full, halt for one minute...
Queue is full, halt for one minute...
Queue is full, halt for one minute...
Queue is full, halt for one minute...
Queue is full, halt for one minute...
qsub .sentJob6373.sh -N mu_Run2017F_6
>>Sending mu_Run2017F_6
2882744.ntugrid5.phys.ntu.edu.tw
Queue is full, halt for one minute...
Queue is full, halt for one minute...
Queue is full, halt for one minute...
Queue is full, halt for one minute...
qsub .sentJob5781.sh -N mu_Run2017F_7
>>Sending mu_Run2017F_7
2882747.ntugrid5.phys.ntu.edu.tw
Queue is full, halt for one minute...
Queue is full, halt for one minute...
Queue is full, halt for one minute...
Queue is full, halt for one minute...
Queue is full, halt for one minute...
Queue is full, halt for one minute...
Queue is full, halt for one minute...
Queue is full, halt for one minute...
Queue is full, halt for one minute...
Queue is full, halt for one minute...
qsub .sentJob8966.sh -N mu_Run2017F_8
>>Sending mu_Run2017F_8
2882755.ntugrid5.phys.ntu.edu.tw
Queue is full, halt for one minute...
Queue is full, halt for one minute...
Queue is full, halt for one minute...
Queue is full, halt for one minute...
Queue is full, halt for one minute...
Queue is full, halt for one minute...
Queue is full, halt for one minute...
Queue is full, halt for one minute...
Queue is full, halt for one minute...
Queue is full, halt for one minute...
qsub .sentJob3798.sh -N mu_Run2017F_9
>>Sending mu_Run2017F_9
2882761.ntugrid5.phys.ntu.edu.tw
Queue is full, halt for one minute...
Queue is full, halt for one minute...
Queue is full, halt for one minute...
Queue is full, halt for one minute...
Queue is full, halt for one minute...
Queue is full, halt for one minute...
Queue is full, halt for one minute...
Queue is full, halt for one minute...
Queue is full, halt for one minute...
Queue is full, halt for one minute...
Queue is full, halt for one minute...
qsub .sentJob4271.sh -N mu_Run2017F_ext1
>>Sending mu_Run2017F_ext1
2882767.ntugrid5.phys.ntu.edu.tw
Queue is full, halt for one minute...
Queue is full, halt for one minute...
Queue is full, halt for one minute...
Queue is full, halt for one minute...
Queue is full, halt for one minute...
Queue is full, halt for one minute...
Queue is full, halt for one minute...
Queue is full, halt for one minute...
Queue is full, halt for one minute...
Queue is full, halt for one minute...
Queue is full, halt for one minute...
Queue is full, halt for one minute...
Queue is full, halt for one minute...
Queue is full, halt for one minute...
Queue is full, halt for one minute...
Queue is full, halt for one minute...
Queue is full, halt for one minute...
Queue is full, halt for one minute...
qsub .sentJob310.sh -N mu_Run2017F_ext2
>>Sending mu_Run2017F_ext2
2882775.ntugrid5.phys.ntu.edu.tw
DONE
