qsub .sentJob7088.sh -N mu_Run2017B_1
>>Sending mu_Run2017B_1
2826416.ntugrid5.phys.ntu.edu.tw
qsub .sentJob7789.sh -N mu_Run2017B_2
>>Sending mu_Run2017B_2
2826420.ntugrid5.phys.ntu.edu.tw
qsub .sentJob717.sh -N mu_Run2017B_3
>>Sending mu_Run2017B_3
2826423.ntugrid5.phys.ntu.edu.tw
qsub .sentJob1073.sh -N mu_Run2017B_4
>>Sending mu_Run2017B_4
2826426.ntugrid5.phys.ntu.edu.tw
Queue is full, halt for one minute...
Queue is full, halt for one minute...
qsub .sentJob656.sh -N mu_Run2017B_5
>>Sending mu_Run2017B_5
2826430.ntugrid5.phys.ntu.edu.tw
Queue is full, halt for one minute...
Queue is full, halt for one minute...
Queue is full, halt for one minute...
Queue is full, halt for one minute...
Queue is full, halt for one minute...
Queue is full, halt for one minute...
Queue is full, halt for one minute...
Queue is full, halt for one minute...
Queue is full, halt for one minute...
Queue is full, halt for one minute...
Queue is full, halt for one minute...
qsub .sentJob9670.sh -N mu_Run2017C_1
>>Sending mu_Run2017C_1
2826438.ntugrid5.phys.ntu.edu.tw
qsub .sentJob8968.sh -N mu_Run2017C_2
>>Sending mu_Run2017C_2
2826440.ntugrid5.phys.ntu.edu.tw
Queue is full, halt for one minute...
Queue is full, halt for one minute...
Queue is full, halt for one minute...
Queue is full, halt for one minute...
Queue is full, halt for one minute...
Queue is full, halt for one minute...
Queue is full, halt for one minute...
Queue is full, halt for one minute...
Queue is full, halt for one minute...
Queue is full, halt for one minute...
Queue is full, halt for one minute...
Queue is full, halt for one minute...
Queue is full, halt for one minute...
Queue is full, halt for one minute...
Queue is full, halt for one minute...
Queue is full, halt for one minute...
Queue is full, halt for one minute...
Queue is full, halt for one minute...
Queue is full, halt for one minute...
Queue is full, halt for one minute...
Queue is full, halt for one minute...
Queue is full, halt for one minute...
Queue is full, halt for one minute...
Queue is full, halt for one minute...
Queue is full, halt for one minute...
Queue is full, halt for one minute...
Queue is full, halt for one minute...
Queue is full, halt for one minute...
Queue is full, halt for one minute...
Queue is full, halt for one minute...
Queue is full, halt for one minute...
qsub .sentJob6329.sh -N mu_Run2017C_3
>>Sending mu_Run2017C_3
2826458.ntugrid5.phys.ntu.edu.tw
Queue is full, halt for one minute...
Queue is full, halt for one minute...
Queue is full, halt for one minute...
Queue is full, halt for one minute...
Queue is full, halt for one minute...
Queue is full, halt for one minute...
Queue is full, halt for one minute...
Queue is full, halt for one minute...
Queue is full, halt for one minute...
Queue is full, halt for one minute...
Queue is full, halt for one minute...
Queue is full, halt for one minute...
Queue is full, halt for one minute...
Queue is full, halt for one minute...
Queue is full, halt for one minute...
Queue is full, halt for one minute...
Queue is full, halt for one minute...
Queue is full, halt for one minute...
Queue is full, halt for one minute...
qsub .sentJob7362.sh -N mu_Run2017C_4
>>Sending mu_Run2017C_4
2826467.ntugrid5.phys.ntu.edu.tw
Queue is full, halt for one minute...
Queue is full, halt for one minute...
Queue is full, halt for one minute...
Queue is full, halt for one minute...
Queue is full, halt for one minute...
Queue is full, halt for one minute...
Queue is full, halt for one minute...
Queue is full, halt for one minute...
Queue is full, halt for one minute...
Queue is full, halt for one minute...
Queue is full, halt for one minute...
Queue is full, halt for one minute...
Queue is full, halt for one minute...
Queue is full, halt for one minute...
Queue is full, halt for one minute...
Queue is full, halt for one minute...
Queue is full, halt for one minute...
qsub .sentJob3100.sh -N mu_Run2017C_5
>>Sending mu_Run2017C_5
2826472.ntugrid5.phys.ntu.edu.tw
Queue is full, halt for one minute...
Queue is full, halt for one minute...
Queue is full, halt for one minute...
Queue is full, halt for one minute...
Queue is full, halt for one minute...
qsub .sentJob1217.sh -N mu_Run2017D_1
>>Sending mu_Run2017D_1
2826478.ntugrid5.phys.ntu.edu.tw
Queue is full, halt for one minute...
Queue is full, halt for one minute...
Queue is full, halt for one minute...
Queue is full, halt for one minute...
Queue is full, halt for one minute...
Queue is full, halt for one minute...
Queue is full, halt for one minute...
qsub .sentJob7918.sh -N mu_Run2017D_2
>>Sending mu_Run2017D_2
2826483.ntugrid5.phys.ntu.edu.tw
Queue is full, halt for one minute...
Queue is full, halt for one minute...
Queue is full, halt for one minute...
Queue is full, halt for one minute...
Queue is full, halt for one minute...
Queue is full, halt for one minute...
qsub .sentJob4635.sh -N mu_Run2017D_3
>>Sending mu_Run2017D_3
2826489.ntugrid5.phys.ntu.edu.tw
Queue is full, halt for one minute...
Queue is full, halt for one minute...
Queue is full, halt for one minute...
Queue is full, halt for one minute...
Queue is full, halt for one minute...
Queue is full, halt for one minute...
Queue is full, halt for one minute...
Queue is full, halt for one minute...
Queue is full, halt for one minute...
Queue is full, halt for one minute...
Queue is full, halt for one minute...
Queue is full, halt for one minute...
Queue is full, halt for one minute...
Queue is full, halt for one minute...
Queue is full, halt for one minute...
Queue is full, halt for one minute...
Queue is full, halt for one minute...
qsub .sentJob5301.sh -N mu_Run2017D_4
>>Sending mu_Run2017D_4
2826496.ntugrid5.phys.ntu.edu.tw
Queue is full, halt for one minute...
Queue is full, halt for one minute...
Queue is full, halt for one minute...
Queue is full, halt for one minute...
Queue is full, halt for one minute...
Queue is full, halt for one minute...
Queue is full, halt for one minute...
Queue is full, halt for one minute...
Queue is full, halt for one minute...
Queue is full, halt for one minute...
Queue is full, halt for one minute...
qsub .sentJob4776.sh -N mu_Run2017D_5
>>Sending mu_Run2017D_5
2826509.ntugrid5.phys.ntu.edu.tw
Queue is full, halt for one minute...
Queue is full, halt for one minute...
Queue is full, halt for one minute...
Queue is full, halt for one minute...
Queue is full, halt for one minute...
Queue is full, halt for one minute...
Queue is full, halt for one minute...
Queue is full, halt for one minute...
Queue is full, halt for one minute...
Queue is full, halt for one minute...
Queue is full, halt for one minute...
Queue is full, halt for one minute...
Queue is full, halt for one minute...
Queue is full, halt for one minute...
Queue is full, halt for one minute...
Queue is full, halt for one minute...
Queue is full, halt for one minute...
Queue is full, halt for one minute...
Queue is full, halt for one minute...
qsub .sentJob3751.sh -N mu_Run2017E_1
>>Sending mu_Run2017E_1
2826522.ntugrid5.phys.ntu.edu.tw
Queue is full, halt for one minute...
Queue is full, halt for one minute...
qsub .sentJob8.sh -N mu_Run2017E_2
>>Sending mu_Run2017E_2
2826526.ntugrid5.phys.ntu.edu.tw
Queue is full, halt for one minute...
Queue is full, halt for one minute...
Queue is full, halt for one minute...
Queue is full, halt for one minute...
Queue is full, halt for one minute...
Queue is full, halt for one minute...
Queue is full, halt for one minute...
Queue is full, halt for one minute...
qsub .sentJob6993.sh -N mu_Run2017E_3
>>Sending mu_Run2017E_3
2826537.ntugrid5.phys.ntu.edu.tw
Queue is full, halt for one minute...
Queue is full, halt for one minute...
qsub .sentJob9615.sh -N mu_Run2017E_4
>>Sending mu_Run2017E_4
2826540.ntugrid5.phys.ntu.edu.tw
Queue is full, halt for one minute...
Queue is full, halt for one minute...
Queue is full, halt for one minute...
Queue is full, halt for one minute...
Queue is full, halt for one minute...
Queue is full, halt for one minute...
Queue is full, halt for one minute...
Queue is full, halt for one minute...
Queue is full, halt for one minute...
qsub .sentJob2033.sh -N mu_Run2017E_5
>>Sending mu_Run2017E_5
2826543.ntugrid5.phys.ntu.edu.tw
Queue is full, halt for one minute...
Queue is full, halt for one minute...
Queue is full, halt for one minute...
Queue is full, halt for one minute...
Queue is full, halt for one minute...
Queue is full, halt for one minute...
Queue is full, halt for one minute...
Queue is full, halt for one minute...
Queue is full, halt for one minute...
Queue is full, halt for one minute...
Queue is full, halt for one minute...
Queue is full, halt for one minute...
Queue is full, halt for one minute...
Queue is full, halt for one minute...
Queue is full, halt for one minute...
Queue is full, halt for one minute...
Queue is full, halt for one minute...
qsub .sentJob2523.sh -N mu_Run2017F_1
>>Sending mu_Run2017F_1
2826549.ntugrid5.phys.ntu.edu.tw
Queue is full, halt for one minute...
Queue is full, halt for one minute...
qsub .sentJob4276.sh -N mu_Run2017F_2
>>Sending mu_Run2017F_2
2826551.ntugrid5.phys.ntu.edu.tw
Queue is full, halt for one minute...
Queue is full, halt for one minute...
Queue is full, halt for one minute...
Queue is full, halt for one minute...
Queue is full, halt for one minute...
Queue is full, halt for one minute...
Queue is full, halt for one minute...
Queue is full, halt for one minute...
Queue is full, halt for one minute...
Queue is full, halt for one minute...
Queue is full, halt for one minute...
Queue is full, halt for one minute...
Queue is full, halt for one minute...
Queue is full, halt for one minute...
Queue is full, halt for one minute...
Queue is full, halt for one minute...
Queue is full, halt for one minute...
qsub .sentJob2587.sh -N mu_Run2017F_3
>>Sending mu_Run2017F_3
2826567.ntugrid5.phys.ntu.edu.tw
Queue is full, halt for one minute...
Queue is full, halt for one minute...
Queue is full, halt for one minute...
Queue is full, halt for one minute...
Queue is full, halt for one minute...
Queue is full, halt for one minute...
qsub .sentJob4355.sh -N mu_Run2017F_4
>>Sending mu_Run2017F_4
2826571.ntugrid5.phys.ntu.edu.tw
Queue is full, halt for one minute...
Queue is full, halt for one minute...
Queue is full, halt for one minute...
qsub .sentJob8296.sh -N mu_Run2017F_5
>>Sending mu_Run2017F_5
2826574.ntugrid5.phys.ntu.edu.tw
Queue is full, halt for one minute...
Queue is full, halt for one minute...
Queue is full, halt for one minute...
Queue is full, halt for one minute...
Queue is full, halt for one minute...
Queue is full, halt for one minute...
Queue is full, halt for one minute...
Queue is full, halt for one minute...
Queue is full, halt for one minute...
Queue is full, halt for one minute...
Queue is full, halt for one minute...
Queue is full, halt for one minute...
Queue is full, halt for one minute...
Queue is full, halt for one minute...
Queue is full, halt for one minute...
Queue is full, halt for one minute...
Queue is full, halt for one minute...
Queue is full, halt for one minute...
Queue is full, halt for one minute...
Queue is full, halt for one minute...
Queue is full, halt for one minute...
Queue is full, halt for one minute...
Queue is full, halt for one minute...
Queue is full, halt for one minute...
Queue is full, halt for one minute...
Queue is full, halt for one minute...
Queue is full, halt for one minute...
Queue is full, halt for one minute...
Queue is full, halt for one minute...
Queue is full, halt for one minute...
Queue is full, halt for one minute...
Queue is full, halt for one minute...
qsub .sentJob6211.sh -N mu_Run2017F_ext1
>>Sending mu_Run2017F_ext1
2826613.ntugrid5.phys.ntu.edu.tw
Queue is full, halt for one minute...
Queue is full, halt for one minute...
Queue is full, halt for one minute...
Queue is full, halt for one minute...
Queue is full, halt for one minute...
Queue is full, halt for one minute...
qsub .sentJob2060.sh -N mu_Run2017F_ext2
>>Sending mu_Run2017F_ext2
2826621.ntugrid5.phys.ntu.edu.tw
DONE
