qsub .sentJob545.sh -N DYJets_HT-100to200_1
>>Sending DYJets_HT-100to200_1
2826411.ntugrid5.phys.ntu.edu.tw
qsub .sentJob5995.sh -N DYJets_HT-100to200_2
>>Sending DYJets_HT-100to200_2
2826412.ntugrid5.phys.ntu.edu.tw
qsub .sentJob2439.sh -N DYJets_HT-100to200_3
>>Sending DYJets_HT-100to200_3
2826413.ntugrid5.phys.ntu.edu.tw
qsub .sentJob7512.sh -N DYJets_HT-100to200_4
>>Sending DYJets_HT-100to200_4
2826415.ntugrid5.phys.ntu.edu.tw
qsub .sentJob553.sh -N DYJets_HT-100to200_5
>>Sending DYJets_HT-100to200_5
2826418.ntugrid5.phys.ntu.edu.tw
qsub .sentJob5051.sh -N DYJets_HT-1200to2500_1
>>Sending DYJets_HT-1200to2500_1
2826421.ntugrid5.phys.ntu.edu.tw
qsub .sentJob3211.sh -N DYJets_HT-1200to2500_2
>>Sending DYJets_HT-1200to2500_2
2826424.ntugrid5.phys.ntu.edu.tw
qsub .sentJob9014.sh -N DYJets_HT-1200to2500_3
>>Sending DYJets_HT-1200to2500_3
2826427.ntugrid5.phys.ntu.edu.tw
Queue is full, halt for one minute...
Queue is full, halt for one minute...
qsub .sentJob4527.sh -N DYJets_HT-1200to2500_4
>>Sending DYJets_HT-1200to2500_4
2826432.ntugrid5.phys.ntu.edu.tw
Queue is full, halt for one minute...
Queue is full, halt for one minute...
Queue is full, halt for one minute...
Queue is full, halt for one minute...
Queue is full, halt for one minute...
Queue is full, halt for one minute...
Queue is full, halt for one minute...
Queue is full, halt for one minute...
Queue is full, halt for one minute...
Queue is full, halt for one minute...
Queue is full, halt for one minute...
Queue is full, halt for one minute...
Queue is full, halt for one minute...
Queue is full, halt for one minute...
Queue is full, halt for one minute...
Queue is full, halt for one minute...
Queue is full, halt for one minute...
Queue is full, halt for one minute...
Queue is full, halt for one minute...
Queue is full, halt for one minute...
Queue is full, halt for one minute...
Queue is full, halt for one minute...
Queue is full, halt for one minute...
Queue is full, halt for one minute...
Queue is full, halt for one minute...
Queue is full, halt for one minute...
Queue is full, halt for one minute...
Queue is full, halt for one minute...
Queue is full, halt for one minute...
Queue is full, halt for one minute...
Queue is full, halt for one minute...
Queue is full, halt for one minute...
Queue is full, halt for one minute...
Queue is full, halt for one minute...
Queue is full, halt for one minute...
Queue is full, halt for one minute...
Queue is full, halt for one minute...
Queue is full, halt for one minute...
Queue is full, halt for one minute...
Queue is full, halt for one minute...
qsub .sentJob4798.sh -N DYJets_HT-1200to2500_5
>>Sending DYJets_HT-1200to2500_5
2826453.ntugrid5.phys.ntu.edu.tw
Queue is full, halt for one minute...
Queue is full, halt for one minute...
qsub .sentJob4295.sh -N DYJets_HT-200to400_1
>>Sending DYJets_HT-200to400_1
2826457.ntugrid5.phys.ntu.edu.tw
Queue is full, halt for one minute...
Queue is full, halt for one minute...
Queue is full, halt for one minute...
Queue is full, halt for one minute...
Queue is full, halt for one minute...
Queue is full, halt for one minute...
Queue is full, halt for one minute...
Queue is full, halt for one minute...
Queue is full, halt for one minute...
Queue is full, halt for one minute...
Queue is full, halt for one minute...
Queue is full, halt for one minute...
Queue is full, halt for one minute...
Queue is full, halt for one minute...
Queue is full, halt for one minute...
Queue is full, halt for one minute...
Queue is full, halt for one minute...
Queue is full, halt for one minute...
Queue is full, halt for one minute...
qsub .sentJob9954.sh -N DYJets_HT-200to400_2
>>Sending DYJets_HT-200to400_2
2826466.ntugrid5.phys.ntu.edu.tw
Queue is full, halt for one minute...
Queue is full, halt for one minute...
Queue is full, halt for one minute...
Queue is full, halt for one minute...
Queue is full, halt for one minute...
Queue is full, halt for one minute...
Queue is full, halt for one minute...
Queue is full, halt for one minute...
Queue is full, halt for one minute...
Queue is full, halt for one minute...
Queue is full, halt for one minute...
Queue is full, halt for one minute...
Queue is full, halt for one minute...
Queue is full, halt for one minute...
Queue is full, halt for one minute...
Queue is full, halt for one minute...
Queue is full, halt for one minute...
qsub .sentJob2545.sh -N DYJets_HT-200to400_3
>>Sending DYJets_HT-200to400_3
2826471.ntugrid5.phys.ntu.edu.tw
Queue is full, halt for one minute...
qsub .sentJob218.sh -N DYJets_HT-200to400_4
>>Sending DYJets_HT-200to400_4
2826475.ntugrid5.phys.ntu.edu.tw
Queue is full, halt for one minute...
Queue is full, halt for one minute...
Queue is full, halt for one minute...
Queue is full, halt for one minute...
Queue is full, halt for one minute...
Queue is full, halt for one minute...
Queue is full, halt for one minute...
Queue is full, halt for one minute...
Queue is full, halt for one minute...
Queue is full, halt for one minute...
Queue is full, halt for one minute...
qsub .sentJob9308.sh -N DYJets_HT-200to400_5
>>Sending DYJets_HT-200to400_5
2826480.ntugrid5.phys.ntu.edu.tw
Queue is full, halt for one minute...
Queue is full, halt for one minute...
Queue is full, halt for one minute...
Queue is full, halt for one minute...
Queue is full, halt for one minute...
Queue is full, halt for one minute...
qsub .sentJob3929.sh -N DYJets_HT-2500toInf_1
>>Sending DYJets_HT-2500toInf_1
2826487.ntugrid5.phys.ntu.edu.tw
Queue is full, halt for one minute...
Queue is full, halt for one minute...
Queue is full, halt for one minute...
Queue is full, halt for one minute...
Queue is full, halt for one minute...
Queue is full, halt for one minute...
Queue is full, halt for one minute...
Queue is full, halt for one minute...
Queue is full, halt for one minute...
Queue is full, halt for one minute...
Queue is full, halt for one minute...
Queue is full, halt for one minute...
Queue is full, halt for one minute...
qsub .sentJob9831.sh -N DYJets_HT-2500toInf_2
>>Sending DYJets_HT-2500toInf_2
2826494.ntugrid5.phys.ntu.edu.tw
Queue is full, halt for one minute...
Queue is full, halt for one minute...
Queue is full, halt for one minute...
Queue is full, halt for one minute...
Queue is full, halt for one minute...
Queue is full, halt for one minute...
Queue is full, halt for one minute...
Queue is full, halt for one minute...
Queue is full, halt for one minute...
Queue is full, halt for one minute...
Queue is full, halt for one minute...
Queue is full, halt for one minute...
qsub .sentJob881.sh -N DYJets_HT-2500toInf_3
>>Sending DYJets_HT-2500toInf_3
2826506.ntugrid5.phys.ntu.edu.tw
Queue is full, halt for one minute...
Queue is full, halt for one minute...
qsub .sentJob5435.sh -N DYJets_HT-2500toInf_4
>>Sending DYJets_HT-2500toInf_4
2826507.ntugrid5.phys.ntu.edu.tw
Queue is full, halt for one minute...
Queue is full, halt for one minute...
qsub .sentJob7970.sh -N DYJets_HT-2500toInf_5
>>Sending DYJets_HT-2500toInf_5
2826510.ntugrid5.phys.ntu.edu.tw
Queue is full, halt for one minute...
Queue is full, halt for one minute...
qsub .sentJob8604.sh -N DYJets_HT-400to600_1
>>Sending DYJets_HT-400to600_1
2826511.ntugrid5.phys.ntu.edu.tw
Queue is full, halt for one minute...
qsub .sentJob3935.sh -N DYJets_HT-400to600_2
>>Sending DYJets_HT-400to600_2
2826512.ntugrid5.phys.ntu.edu.tw
qsub .sentJob5853.sh -N DYJets_HT-400to600_3
>>Sending DYJets_HT-400to600_3
2826513.ntugrid5.phys.ntu.edu.tw
Queue is full, halt for one minute...
Queue is full, halt for one minute...
Queue is full, halt for one minute...
Queue is full, halt for one minute...
Queue is full, halt for one minute...
Queue is full, halt for one minute...
qsub .sentJob1686.sh -N DYJets_HT-400to600_4
>>Sending DYJets_HT-400to600_4
2826516.ntugrid5.phys.ntu.edu.tw
Queue is full, halt for one minute...
qsub .sentJob1225.sh -N DYJets_HT-400to600_5
>>Sending DYJets_HT-400to600_5
2826518.ntugrid5.phys.ntu.edu.tw
Queue is full, halt for one minute...
Queue is full, halt for one minute...
Queue is full, halt for one minute...
qsub .sentJob113.sh -N DYJets_HT-600to800_1
>>Sending DYJets_HT-600to800_1
2826519.ntugrid5.phys.ntu.edu.tw
qsub .sentJob3594.sh -N DYJets_HT-600to800_2
>>Sending DYJets_HT-600to800_2
2826520.ntugrid5.phys.ntu.edu.tw
Queue is full, halt for one minute...
Queue is full, halt for one minute...
Queue is full, halt for one minute...
Queue is full, halt for one minute...
qsub .sentJob4747.sh -N DYJets_HT-600to800_3
>>Sending DYJets_HT-600to800_3
2826523.ntugrid5.phys.ntu.edu.tw
Queue is full, halt for one minute...
Queue is full, halt for one minute...
Queue is full, halt for one minute...
Queue is full, halt for one minute...
Queue is full, halt for one minute...
Queue is full, halt for one minute...
Queue is full, halt for one minute...
Queue is full, halt for one minute...
Queue is full, halt for one minute...
Queue is full, halt for one minute...
qsub .sentJob3949.sh -N DYJets_HT-600to800_4
>>Sending DYJets_HT-600to800_4
2826538.ntugrid5.phys.ntu.edu.tw
Queue is full, halt for one minute...
Queue is full, halt for one minute...
Queue is full, halt for one minute...
Queue is full, halt for one minute...
Queue is full, halt for one minute...
Queue is full, halt for one minute...
Queue is full, halt for one minute...
Queue is full, halt for one minute...
Queue is full, halt for one minute...
Queue is full, halt for one minute...
Queue is full, halt for one minute...
qsub .sentJob8777.sh -N DYJets_HT-600to800_5
>>Sending DYJets_HT-600to800_5
2826542.ntugrid5.phys.ntu.edu.tw
Queue is full, halt for one minute...
Queue is full, halt for one minute...
Queue is full, halt for one minute...
Queue is full, halt for one minute...
Queue is full, halt for one minute...
Queue is full, halt for one minute...
Queue is full, halt for one minute...
Queue is full, halt for one minute...
qsub .sentJob5018.sh -N DYJets_HT-70to100_1
>>Sending DYJets_HT-70to100_1
2826544.ntugrid5.phys.ntu.edu.tw
Queue is full, halt for one minute...
Queue is full, halt for one minute...
Queue is full, halt for one minute...
Queue is full, halt for one minute...
Queue is full, halt for one minute...
Queue is full, halt for one minute...
Queue is full, halt for one minute...
Queue is full, halt for one minute...
Queue is full, halt for one minute...
qsub .sentJob6195.sh -N DYJets_HT-70to100_2
>>Sending DYJets_HT-70to100_2
2826548.ntugrid5.phys.ntu.edu.tw
Queue is full, halt for one minute...
Queue is full, halt for one minute...
Queue is full, halt for one minute...
Queue is full, halt for one minute...
Queue is full, halt for one minute...
qsub .sentJob4777.sh -N DYJets_HT-70to100_3
>>Sending DYJets_HT-70to100_3
2826560.ntugrid5.phys.ntu.edu.tw
Queue is full, halt for one minute...
Queue is full, halt for one minute...
Queue is full, halt for one minute...
Queue is full, halt for one minute...
Queue is full, halt for one minute...
Queue is full, halt for one minute...
qsub .sentJob4231.sh -N DYJets_HT-70to100_4
>>Sending DYJets_HT-70to100_4
2826564.ntugrid5.phys.ntu.edu.tw
Queue is full, halt for one minute...
Queue is full, halt for one minute...
Queue is full, halt for one minute...
Queue is full, halt for one minute...
Queue is full, halt for one minute...
Queue is full, halt for one minute...
qsub .sentJob4809.sh -N DYJets_HT-70to100_5
>>Sending DYJets_HT-70to100_5
2826565.ntugrid5.phys.ntu.edu.tw
Queue is full, halt for one minute...
Queue is full, halt for one minute...
qsub .sentJob357.sh -N DYJets_HT-800to1200_1
>>Sending DYJets_HT-800to1200_1
2826566.ntugrid5.phys.ntu.edu.tw
Queue is full, halt for one minute...
Queue is full, halt for one minute...
Queue is full, halt for one minute...
Queue is full, halt for one minute...
Queue is full, halt for one minute...
Queue is full, halt for one minute...
Queue is full, halt for one minute...
Queue is full, halt for one minute...
Queue is full, halt for one minute...
Queue is full, halt for one minute...
Queue is full, halt for one minute...
Queue is full, halt for one minute...
Queue is full, halt for one minute...
Queue is full, halt for one minute...
Queue is full, halt for one minute...
Queue is full, halt for one minute...
Queue is full, halt for one minute...
Queue is full, halt for one minute...
Queue is full, halt for one minute...
Queue is full, halt for one minute...
Queue is full, halt for one minute...
Queue is full, halt for one minute...
Queue is full, halt for one minute...
Queue is full, halt for one minute...
Queue is full, halt for one minute...
Queue is full, halt for one minute...
Queue is full, halt for one minute...
Queue is full, halt for one minute...
Queue is full, halt for one minute...
Queue is full, halt for one minute...
Queue is full, halt for one minute...
Queue is full, halt for one minute...
qsub .sentJob3557.sh -N DYJets_HT-800to1200_2
>>Sending DYJets_HT-800to1200_2
2826591.ntugrid5.phys.ntu.edu.tw
Queue is full, halt for one minute...
Queue is full, halt for one minute...
Queue is full, halt for one minute...
Queue is full, halt for one minute...
Queue is full, halt for one minute...
Queue is full, halt for one minute...
Queue is full, halt for one minute...
Queue is full, halt for one minute...
Queue is full, halt for one minute...
qsub .sentJob6628.sh -N DYJets_HT-800to1200_3
>>Sending DYJets_HT-800to1200_3
2826612.ntugrid5.phys.ntu.edu.tw
qsub .sentJob9928.sh -N DYJets_HT-800to1200_4
>>Sending DYJets_HT-800to1200_4
2826614.ntugrid5.phys.ntu.edu.tw
Queue is full, halt for one minute...
Queue is full, halt for one minute...
Queue is full, halt for one minute...
Queue is full, halt for one minute...
Queue is full, halt for one minute...
Queue is full, halt for one minute...
qsub .sentJob8833.sh -N DYJets_HT-800to1200_5
>>Sending DYJets_HT-800to1200_5
2826622.ntugrid5.phys.ntu.edu.tw
Queue is full, halt for one minute...
qsub .sentJob5822.sh -N QCD_HT1000to1500
>>Sending QCD_HT1000to1500
2826623.ntugrid5.phys.ntu.edu.tw
qsub .sentJob7597.sh -N QCD_HT100to200
>>Sending QCD_HT100to200
2826624.ntugrid5.phys.ntu.edu.tw
Queue is full, halt for one minute...
Queue is full, halt for one minute...
qsub .sentJob3541.sh -N QCD_HT1500to2000
>>Sending QCD_HT1500to2000
2826632.ntugrid5.phys.ntu.edu.tw
qsub .sentJob7141.sh -N QCD_HT200to300
>>Sending QCD_HT200to300
2826633.ntugrid5.phys.ntu.edu.tw
Queue is full, halt for one minute...
Queue is full, halt for one minute...
qsub .sentJob2985.sh -N QCD_HT300to500
>>Sending QCD_HT300to500
2826644.ntugrid5.phys.ntu.edu.tw
qsub .sentJob5459.sh -N QCD_HT500to700
>>Sending QCD_HT500to700
2826646.ntugrid5.phys.ntu.edu.tw
qsub .sentJob3512.sh -N QCD_HT50to100
>>Sending QCD_HT50to100
2826647.ntugrid5.phys.ntu.edu.tw
Queue is full, halt for one minute...
qsub .sentJob9807.sh -N QCD_HT700to1000
>>Sending QCD_HT700to1000
2826648.ntugrid5.phys.ntu.edu.tw
qsub .sentJob7443.sh -N ST_s-channel
>>Sending ST_s-channel
2826649.ntugrid5.phys.ntu.edu.tw
Queue is full, halt for one minute...
qsub .sentJob8242.sh -N ST_t-channel_antitop
>>Sending ST_t-channel_antitop
2826650.ntugrid5.phys.ntu.edu.tw
qsub .sentJob3846.sh -N ST_t-channel_top
>>Sending ST_t-channel_top
2826651.ntugrid5.phys.ntu.edu.tw
Queue is full, halt for one minute...
qsub .sentJob5878.sh -N ST_tW_antitop
>>Sending ST_tW_antitop
2826653.ntugrid5.phys.ntu.edu.tw
qsub .sentJob4288.sh -N ST_tW_top
>>Sending ST_tW_top
2826654.ntugrid5.phys.ntu.edu.tw
qsub .sentJob6046.sh -N TTToSemiLeptonic_0
>>Sending TTToSemiLeptonic_0
2826655.ntugrid5.phys.ntu.edu.tw
Queue is full, halt for one minute...
qsub .sentJob6669.sh -N TTToSemiLeptonic_1
>>Sending TTToSemiLeptonic_1
2826656.ntugrid5.phys.ntu.edu.tw
qsub .sentJob577.sh -N TTToSemiLeptonic_2
>>Sending TTToSemiLeptonic_2
2826657.ntugrid5.phys.ntu.edu.tw
Queue is full, halt for one minute...
Queue is full, halt for one minute...
Queue is full, halt for one minute...
Queue is full, halt for one minute...
qsub .sentJob8134.sh -N TTToSemiLeptonic_3
>>Sending TTToSemiLeptonic_3
2826667.ntugrid5.phys.ntu.edu.tw
Queue is full, halt for one minute...
Queue is full, halt for one minute...
Queue is full, halt for one minute...
Queue is full, halt for one minute...
Queue is full, halt for one minute...
Queue is full, halt for one minute...
Queue is full, halt for one minute...
qsub .sentJob9669.sh -N TTToSemiLeptonic_4
>>Sending TTToSemiLeptonic_4
2826691.ntugrid5.phys.ntu.edu.tw
Queue is full, halt for one minute...
Queue is full, halt for one minute...
Queue is full, halt for one minute...
Queue is full, halt for one minute...
Queue is full, halt for one minute...
qsub .sentJob138.sh -N TTToSemiLeptonic_5
>>Sending TTToSemiLeptonic_5
2826694.ntugrid5.phys.ntu.edu.tw
Queue is full, halt for one minute...
qsub .sentJob7984.sh -N TTToSemiLeptonic_6
>>Sending TTToSemiLeptonic_6
2826715.ntugrid5.phys.ntu.edu.tw
Queue is full, halt for one minute...
Queue is full, halt for one minute...
Queue is full, halt for one minute...
qsub .sentJob6293.sh -N TTToSemiLeptonic_7
>>Sending TTToSemiLeptonic_7
2826726.ntugrid5.phys.ntu.edu.tw
Queue is full, halt for one minute...
Queue is full, halt for one minute...
Queue is full, halt for one minute...
Queue is full, halt for one minute...
qsub .sentJob8228.sh -N TTToSemiLeptonic_8
>>Sending TTToSemiLeptonic_8
2826737.ntugrid5.phys.ntu.edu.tw
Queue is full, halt for one minute...
Queue is full, halt for one minute...
Queue is full, halt for one minute...
Queue is full, halt for one minute...
qsub .sentJob2825.sh -N TTToSemiLeptonic_9
>>Sending TTToSemiLeptonic_9
2826758.ntugrid5.phys.ntu.edu.tw
qsub .sentJob2886.sh -N WJets_HT-100To200_1
>>Sending WJets_HT-100To200_1
2826759.ntugrid5.phys.ntu.edu.tw
qsub .sentJob8502.sh -N WJets_HT-100To200_2
>>Sending WJets_HT-100To200_2
2826760.ntugrid5.phys.ntu.edu.tw
Queue is full, halt for one minute...
Queue is full, halt for one minute...
qsub .sentJob7144.sh -N WJets_HT-100To200_3
>>Sending WJets_HT-100To200_3
2826771.ntugrid5.phys.ntu.edu.tw
Queue is full, halt for one minute...
Queue is full, halt for one minute...
Queue is full, halt for one minute...
Queue is full, halt for one minute...
qsub .sentJob3026.sh -N WJets_HT-100To200_4
>>Sending WJets_HT-100To200_4
2826783.ntugrid5.phys.ntu.edu.tw
Queue is full, halt for one minute...
Queue is full, halt for one minute...
Queue is full, halt for one minute...
Queue is full, halt for one minute...
Queue is full, halt for one minute...
Queue is full, halt for one minute...
qsub .sentJob4867.sh -N WJets_HT-100To200_5
>>Sending WJets_HT-100To200_5
2826817.ntugrid5.phys.ntu.edu.tw
Queue is full, halt for one minute...
Queue is full, halt for one minute...
qsub .sentJob1254.sh -N WJets_HT-1200To2500_1
>>Sending WJets_HT-1200To2500_1
2826828.ntugrid5.phys.ntu.edu.tw
Queue is full, halt for one minute...
Queue is full, halt for one minute...
Queue is full, halt for one minute...
qsub .sentJob470.sh -N WJets_HT-1200To2500_2
>>Sending WJets_HT-1200To2500_2
2826839.ntugrid5.phys.ntu.edu.tw
Queue is full, halt for one minute...
qsub .sentJob1963.sh -N WJets_HT-1200To2500_3
>>Sending WJets_HT-1200To2500_3
2826840.ntugrid5.phys.ntu.edu.tw
Queue is full, halt for one minute...
qsub .sentJob6357.sh -N WJets_HT-1200To2500_4
>>Sending WJets_HT-1200To2500_4
2826851.ntugrid5.phys.ntu.edu.tw
Queue is full, halt for one minute...
Queue is full, halt for one minute...
qsub .sentJob9524.sh -N WJets_HT-1200To2500_5
>>Sending WJets_HT-1200To2500_5
2826863.ntugrid5.phys.ntu.edu.tw
Queue is full, halt for one minute...
Queue is full, halt for one minute...
Queue is full, halt for one minute...
qsub .sentJob7585.sh -N WJets_HT-200To400_1
>>Sending WJets_HT-200To400_1
2826864.ntugrid5.phys.ntu.edu.tw
Queue is full, halt for one minute...
qsub .sentJob6427.sh -N WJets_HT-200To400_2
>>Sending WJets_HT-200To400_2
2826869.ntugrid5.phys.ntu.edu.tw
Queue is full, halt for one minute...
Queue is full, halt for one minute...
qsub .sentJob6281.sh -N WJets_HT-200To400_3
>>Sending WJets_HT-200To400_3
2826870.ntugrid5.phys.ntu.edu.tw
Queue is full, halt for one minute...
qsub .sentJob5306.sh -N WJets_HT-200To400_4
>>Sending WJets_HT-200To400_4
2826881.ntugrid5.phys.ntu.edu.tw
Queue is full, halt for one minute...
Queue is full, halt for one minute...
qsub .sentJob7430.sh -N WJets_HT-200To400_5
>>Sending WJets_HT-200To400_5
2826893.ntugrid5.phys.ntu.edu.tw
Queue is full, halt for one minute...
Queue is full, halt for one minute...
qsub .sentJob6804.sh -N WJets_HT-2500ToInf_1
>>Sending WJets_HT-2500ToInf_1
2826904.ntugrid5.phys.ntu.edu.tw
qsub .sentJob6601.sh -N WJets_HT-2500ToInf_2
>>Sending WJets_HT-2500ToInf_2
2826905.ntugrid5.phys.ntu.edu.tw
Queue is full, halt for one minute...
Queue is full, halt for one minute...
Queue is full, halt for one minute...
Queue is full, halt for one minute...
Queue is full, halt for one minute...
Queue is full, halt for one minute...
Queue is full, halt for one minute...
qsub .sentJob3313.sh -N WJets_HT-2500ToInf_3
>>Sending WJets_HT-2500ToInf_3
2826937.ntugrid5.phys.ntu.edu.tw
Queue is full, halt for one minute...
Queue is full, halt for one minute...
Queue is full, halt for one minute...
qsub .sentJob1083.sh -N WJets_HT-2500ToInf_4
>>Sending WJets_HT-2500ToInf_4
2826942.ntugrid5.phys.ntu.edu.tw
Queue is full, halt for one minute...
Queue is full, halt for one minute...
qsub .sentJob6173.sh -N WJets_HT-2500ToInf_5
>>Sending WJets_HT-2500ToInf_5
2826954.ntugrid5.phys.ntu.edu.tw
qsub .sentJob1533.sh -N WJets_HT-400To600_1
>>Sending WJets_HT-400To600_1
2826955.ntugrid5.phys.ntu.edu.tw
qsub .sentJob9664.sh -N WJets_HT-400To600_2
>>Sending WJets_HT-400To600_2
2826956.ntugrid5.phys.ntu.edu.tw
Queue is full, halt for one minute...
Queue is full, halt for one minute...
qsub .sentJob9034.sh -N WJets_HT-400To600_3
>>Sending WJets_HT-400To600_3
2826967.ntugrid5.phys.ntu.edu.tw
Queue is full, halt for one minute...
qsub .sentJob6015.sh -N WJets_HT-400To600_4
>>Sending WJets_HT-400To600_4
2826968.ntugrid5.phys.ntu.edu.tw
Queue is full, halt for one minute...
Queue is full, halt for one minute...
qsub .sentJob3395.sh -N WJets_HT-400To600_5
>>Sending WJets_HT-400To600_5
2826979.ntugrid5.phys.ntu.edu.tw
Queue is full, halt for one minute...
Queue is full, halt for one minute...
qsub .sentJob2464.sh -N WJets_HT-600To800_1
>>Sending WJets_HT-600To800_1
2826989.ntugrid5.phys.ntu.edu.tw
qsub .sentJob3201.sh -N WJets_HT-600To800_2
>>Sending WJets_HT-600To800_2
2826991.ntugrid5.phys.ntu.edu.tw
qsub .sentJob4949.sh -N WJets_HT-600To800_3
>>Sending WJets_HT-600To800_3
2826992.ntugrid5.phys.ntu.edu.tw
qsub .sentJob4176.sh -N WJets_HT-600To800_4
>>Sending WJets_HT-600To800_4
2826993.ntugrid5.phys.ntu.edu.tw
Queue is full, halt for one minute...
qsub .sentJob9522.sh -N WJets_HT-600To800_5
>>Sending WJets_HT-600To800_5
2826994.ntugrid5.phys.ntu.edu.tw
Queue is full, halt for one minute...
Queue is full, halt for one minute...
Queue is full, halt for one minute...
Queue is full, halt for one minute...
Queue is full, halt for one minute...
qsub .sentJob2302.sh -N WJets_HT-70To100_1
>>Sending WJets_HT-70To100_1
2827007.ntugrid5.phys.ntu.edu.tw
Queue is full, halt for one minute...
Queue is full, halt for one minute...
Queue is full, halt for one minute...
Queue is full, halt for one minute...
Queue is full, halt for one minute...
qsub .sentJob3226.sh -N WJets_HT-70To100_2
>>Sending WJets_HT-70To100_2
2827010.ntugrid5.phys.ntu.edu.tw
Queue is full, halt for one minute...
qsub .sentJob8026.sh -N WJets_HT-70To100_3
>>Sending WJets_HT-70To100_3
2827028.ntugrid5.phys.ntu.edu.tw
Queue is full, halt for one minute...
Queue is full, halt for one minute...
Queue is full, halt for one minute...
Queue is full, halt for one minute...
Queue is full, halt for one minute...
Queue is full, halt for one minute...
Queue is full, halt for one minute...
qsub .sentJob5549.sh -N WJets_HT-70To100_4
>>Sending WJets_HT-70To100_4
2827054.ntugrid5.phys.ntu.edu.tw
Queue is full, halt for one minute...
qsub .sentJob3409.sh -N WJets_HT-70To100_5
>>Sending WJets_HT-70To100_5
2827065.ntugrid5.phys.ntu.edu.tw
qsub .sentJob5687.sh -N WJets_HT-800To1200_1
>>Sending WJets_HT-800To1200_1
2827066.ntugrid5.phys.ntu.edu.tw
qsub .sentJob8017.sh -N WJets_HT-800To1200_2
>>Sending WJets_HT-800To1200_2
2827067.ntugrid5.phys.ntu.edu.tw
Queue is full, halt for one minute...
Queue is full, halt for one minute...
qsub .sentJob6035.sh -N WJets_HT-800To1200_3
>>Sending WJets_HT-800To1200_3
2827069.ntugrid5.phys.ntu.edu.tw
Queue is full, halt for one minute...
Queue is full, halt for one minute...
Queue is full, halt for one minute...
Queue is full, halt for one minute...
qsub .sentJob6702.sh -N WJets_HT-800To1200_4
>>Sending WJets_HT-800To1200_4
2827102.ntugrid5.phys.ntu.edu.tw
qsub .sentJob1286.sh -N WJets_HT-800To1200_5
>>Sending WJets_HT-800To1200_5
2827103.ntugrid5.phys.ntu.edu.tw
Queue is full, halt for one minute...
Queue is full, halt for one minute...
Queue is full, halt for one minute...
Queue is full, halt for one minute...
qsub .sentJob6008.sh -N WW
>>Sending WW
2827115.ntugrid5.phys.ntu.edu.tw
qsub .sentJob686.sh -N WZ
>>Sending WZ
2827116.ntugrid5.phys.ntu.edu.tw
Queue is full, halt for one minute...
Queue is full, halt for one minute...
qsub .sentJob1932.sh -N ZZ
>>Sending ZZ
2827121.ntugrid5.phys.ntu.edu.tw
DONE
